-------------------------------------------------------------------------------
Test set: com.tc.SpringDataRedisDemoApplicationTests
-------------------------------------------------------------------------------
Tests run: 1, Failures: 0, Errors: 1, Skipped: 0, Time elapsed: 4.29 s <<< FAILURE! - in com.tc.SpringDataRedisDemoApplicationTests
contextLoads  Time elapsed: 0.004 s  <<< ERROR!
java.lang.IllegalStateException: Failed to load ApplicationContext
Caused by: org.springframework.beans.factory.BeanCreationException: Error creating bean with name 'redisConnectionFactory' defined in class path resource [org/springframework/boot/autoconfigure/data/redis/LettuceConnectionConfiguration.class]: Bean instantiation via factory method failed; nested exception is org.springframework.beans.BeanInstantiationException: Failed to instantiate [org.springframework.data.redis.connection.lettuce.LettuceConnectionFactory]: Factory method 'redisConnectionFactory' threw exception; nested exception is java.lang.NoSuchMethodError: org.apache.commons.pool2.impl.GenericObjectPoolConfig.setMaxWait(Ljava/time/Duration;)V
Caused by: org.springframework.beans.BeanInstantiationException: Failed to instantiate [org.springframework.data.redis.connection.lettuce.LettuceConnectionFactory]: Factory method 'redisConnectionFactory' threw exception; nested exception is java.lang.NoSuchMethodError: org.apache.commons.pool2.impl.GenericObjectPoolConfig.setMaxWait(Ljava/time/Duration;)V
Caused by: java.lang.NoSuchMethodError: org.apache.commons.pool2.impl.GenericObjectPoolConfig.setMaxWait(Ljava/time/Duration;)V

